<?xml version="1.0" encoding="UTF-8"?>
<!-- Generated by org.testng.reporters.JUnitReportReporter -->
<testsuite hostname="DESKTOP-97TI65V" name="frameworkdata.shopNavigate" tests="1" failures="0" timestamp="9 Jun 2018 17:23:32 GMT" time="13.265" errors="0">
  <testcase name="Verifynavigation" time="13.265" classname="frameworkdata.shopNavigate"/>
</testsuite> <!-- frameworkdata.shopNavigate -->
