<?xml version="1.0" encoding="UTF-8"?>
<!-- Generated by org.testng.reporters.JUnitReportReporter -->
<testsuite hostname="DESKTOP-97TI65V" name="frameworkdata.AddItemsToCart" tests="1" failures="0" timestamp="9 Jun 2018 17:23:02 GMT" time="15.919" errors="0">
  <testcase name="cartItems" time="15.919" classname="frameworkdata.AddItemsToCart"/>
</testsuite> <!-- frameworkdata.AddItemsToCart -->
